<?xml version="1.0" encoding="UTF-8"?>
<!-- Generated by org.testng.reporters.JUnitReportReporter -->
<testsuite hostname="Kumarswamy-PC" failures="0" tests="1" name="com.ERP.Dollibarr.ThirdParty.CreateContactsOrAddressesTest" time="28.493" errors="0" timestamp="2025-03-24T00:23:49 IST" skipped="0">
  <testcase classname="com.ERP.Dollibarr.ThirdParty.CreateContactsOrAddressesTest" name="createContactOrAddressesTest" time="28.493"/>
</testsuite> <!-- com.ERP.Dollibarr.ThirdParty.CreateContactsOrAddressesTest -->
