<?xml version="1.0" encoding="UTF-8"?>
<!-- Generated by org.testng.reporters.JUnitReportReporter -->
<testsuite hostname="Kumarswamy-PC" failures="0" tests="1" name="com.ERP.Dollibarr.Commerce.PurchaseOrderTest" time="22.530" errors="0" timestamp="2025-03-23T13:56:47 IST" skipped="0">
  <testcase classname="com.ERP.Dollibarr.Commerce.PurchaseOrderTest" name="createPurchaseOrder" time="22.530"/>
</testsuite> <!-- com.ERP.Dollibarr.Commerce.PurchaseOrderTest -->
