<?xml version="1.0" encoding="UTF-8"?>
<!-- Generated by org.testng.reporters.JUnitReportReporter -->
<testsuite hostname="Kumarswamy-PC" failures="0" tests="1" name="com.ERP.Dollibarr.HRM.LeaveModuleTest" time="5.134" errors="0" timestamp="2025-03-12T18:52:05 IST" skipped="0">
  <testcase classname="com.ERP.Dollibarr.HRM.LeaveModuleTest" name="applyLeaveAsAdmin" time="5.134"/>
</testsuite> <!-- com.ERP.Dollibarr.HRM.LeaveModuleTest -->
