<?xml version="1.0" encoding="UTF-8"?>
<!-- Generated by org.testng.reporters.JUnitReportReporter -->
<testsuite hostname="Kumarswamy-PC" failures="0" tests="1" name="com.ERP.Dollibarr.Members.CreateMemberTest" time="20.620" errors="0" timestamp="2025-03-23T21:24:21 IST" skipped="0">
  <testcase classname="com.ERP.Dollibarr.Members.CreateMemberTest" name="createContribution" time="20.620"/>
</testsuite> <!-- com.ERP.Dollibarr.Members.CreateMemberTest -->
