<?xml version="1.0" encoding="UTF-8"?>
<!-- Generated by org.testng.reporters.JUnitReportReporter -->
<testsuite hostname="Kumarswamy-PC" failures="0" tests="1" name="com.ERP.Dollibarr.ThirdParty.CreateThirdPartyTest" time="4.902" errors="0" timestamp="2025-03-17T15:04:20 IST" skipped="0">
  <testcase classname="com.ERP.Dollibarr.ThirdParty.CreateThirdPartyTest" name="createThirdPartyWithMandatoryField" time="4.902"/>
</testsuite> <!-- com.ERP.Dollibarr.ThirdParty.CreateThirdPartyTest -->
