<?xml version="1.0" encoding="UTF-8"?>
<!-- Generated by org.testng.reporters.JUnitReportReporter -->
<testsuite hostname="Kumarswamy-PC" failures="0" tests="2" name="com.ERP.Dollibarr.HRM.ProvideLeaveTest" time="12.974" errors="0" timestamp="2025-03-12T14:39:14 IST" skipped="0">
  <testcase classname="com.ERP.Dollibarr.HRM.ProvideLeaveTest" name="provideLeaveTest" time="10.428"/>
  <testcase classname="com.ERP.Dollibarr.HRM.ProvideLeaveTest" name="permisssionsEnablingTest" time="2.546"/>
</testsuite> <!-- com.ERP.Dollibarr.HRM.ProvideLeaveTest -->
