<?xml version="1.0" encoding="UTF-8"?>
<!-- Generated by org.testng.reporters.JUnitReportReporter -->
<testsuite hostname="Kumarswamy-PC" failures="0" tests="1" name="com.ERP.Dollibarr.UsersAndGroups.UsersAndGroupsTest" time="14.234" errors="0" timestamp="2025-03-23T21:38:17 IST" skipped="0">
  <testcase classname="com.ERP.Dollibarr.UsersAndGroups.UsersAndGroupsTest" name="createUserTest" time="14.234"/>
</testsuite> <!-- com.ERP.Dollibarr.UsersAndGroups.UsersAndGroupsTest -->
