<?xml version="1.0" encoding="UTF-8"?>
<!-- Generated by org.testng.reporters.JUnitReportReporter -->
<testsuite hostname="Shashikiran-Lenovo" failures="0" tests="2" name="com.ERP.Dollibarr.HRM.ApplyLeaveTest" time="18.389" errors="0" timestamp="2025-04-29T12:42:57 IST" skipped="0">
  <testcase classname="com.ERP.Dollibarr.HRM.ApplyLeaveTest" name="applyLeaveAsAdmin" time="4.331"/>
  <testcase classname="com.ERP.Dollibarr.HRM.ApplyLeaveTest" name="applyLeaveAsUser" time="14.058"/>
</testsuite> <!-- com.ERP.Dollibarr.HRM.ApplyLeaveTest -->
